[2024-10-23 08:41:19.113] [info]  No state version found, assuming empty state.
[2024-10-23 08:41:19.247] [info]  Coredumps are disabled in renderer process
[2024-10-23 08:41:20.308] [info]  State version: 68
[2024-10-23 08:41:20.421] [info]  Retrieving application id
[2024-10-23 08:41:21.255] [info]  Self-host environment did not respond in time, emitting previous config.
[2024-10-23 08:41:30.746] [info]  Retrieving application id
[2024-10-23 08:41:36.036] [info]  Retrieving application id
[2024-10-23 08:41:36.414] [info]  Error: The name is not activatable
[2024-10-23 08:41:36.419] [info]  Error: The name is not activatable
[2024-10-23 08:41:36.423] [info]  Error: The name is not activatable
[2024-10-23 08:41:36.424] [error] SetAccessToken: storing encrypted access token in secure storage failed. Falling back to disk storage. Error: New Access token key unable to be retrieved from secure storage.
[2024-10-23 08:41:36.431] [info]  Error: The name is not activatable
[2024-10-23 08:41:36.436] [info]  Error: The name is not activatable
[2024-10-23 08:41:36.437] [error] SetRefreshToken: storing refresh token in secure storage failed. Falling back to disk storage. Error: Refresh token failed to save to secure storage.
[2024-10-23 08:41:36.495] [info]  Error: The name is not activatable
[2024-10-23 08:41:36.497] [info]  Error: The name is not activatable
[2024-10-23 08:41:36.504] [info]  Error: The name is not activatable
[2024-10-23 08:41:36.523] [info]  Error: The name is not activatable
[2024-10-23 08:41:36.528] [info]  Error: The name is not activatable
[2024-10-23 08:41:36.538] [info]  Error: The name is not activatable
[2024-10-23 08:41:36.551] [info]  Error: The name is not activatable
[2024-10-23 08:41:36.560] [info]  Error: The name is not activatable
[2024-10-23 08:41:36.723] [info]  Error: The name is not activatable
[2024-10-23 08:41:36.741] [info]  Error: The name is not activatable
[2024-10-23 08:41:36.754] [info]  Error: The name is not activatable
[2024-10-23 08:41:36.760] [error] SetAccessToken: storing encrypted access token in secure storage failed. Falling back to disk storage. Error: New Access token key unable to be retrieved from secure storage.
[2024-10-23 08:41:36.772] [info]  Error: The name is not activatable
[2024-10-23 08:41:36.778] [info]  Error: The name is not activatable
[2024-10-23 08:41:36.780] [error] SetRefreshToken: storing refresh token in secure storage failed. Falling back to disk storage. Error: Refresh token failed to save to secure storage.
[2024-10-23 08:41:36.781] [info]  Finished search indexing
[2024-10-23 08:41:36.789] [info]  Error: The name is not activatable
[2024-10-23 08:41:36.792] [info]  Error: The name is not activatable
[2024-10-23 08:41:37.148] [info]  Error: The name is not activatable
[2024-10-23 08:41:37.270] [info]  Error: The name is not activatable
[2024-10-23 08:41:37.273] [info]  Error: The name is not activatable
[2024-10-23 08:41:37.276] [info]  Error: The name is not activatable
[2024-10-23 08:41:37.435] [info]  Starting decryption using multithreading
[2024-10-23 08:41:37.635] [info]  Finished search indexing
[2024-10-23 08:41:38.714] [error] TypeError: Object has been destroyed
    at WindowMain.<anonymous> (/usr/lib/bitwarden/app.asar/main.js:88840:36)
    at Generator.next (<anonymous>)
    at /usr/lib/bitwarden/app.asar/main.js:88569:71
    at new Promise (<anonymous>)
    at window_main_awaiter (/usr/lib/bitwarden/app.asar/main.js:88565:12)
    at WindowMain.updateWindowState (/usr/lib/bitwarden/app.asar/main.js:88835:16)
    at WindowMain.<anonymous> (/usr/lib/bitwarden/app.asar/main.js:88770:28)
    at Generator.next (<anonymous>)
    at /usr/lib/bitwarden/app.asar/main.js:88569:71
    at new Promise (<anonymous>)
[2024-10-23 09:26:46.508] [info]  State version: 68
[2024-10-23 09:26:46.514] [info]  Migrator MinVersionMigrator (to version 3) should migrate: false - up
[2024-10-23 09:26:46.514] [info]  Migrator RemoveEverBeenUnlockedMigrator (to version 4) should migrate: false - up
[2024-10-23 09:26:46.514] [info]  Migrator AddKeyTypeToOrgKeysMigrator (to version 5) should migrate: false - up
[2024-10-23 09:26:46.515] [info]  Migrator RemoveLegacyEtmKeyMigrator (to version 6) should migrate: false - up
[2024-10-23 09:26:46.515] [info]  Migrator MoveBiometricAutoPromptToAccount (to version 7) should migrate: false - up
[2024-10-23 09:26:46.515] [info]  Migrator MoveStateVersionMigrator (to version 8) should migrate: false - up
[2024-10-23 09:26:46.515] [info]  Migrator MoveBrowserSettingsToGlobal (to version 9) should migrate: false - up
[2024-10-23 09:26:46.516] [info]  Migrator EverHadUserKeyMigrator (to version 10) should migrate: false - up
[2024-10-23 09:26:46.516] [info]  Migrator OrganizationKeyMigrator (to version 11) should migrate: false - up
[2024-10-23 09:26:46.516] [info]  Migrator MoveEnvironmentStateToProviders (to version 12) should migrate: false - up
[2024-10-23 09:26:46.516] [info]  Migrator ProviderKeyMigrator (to version 13) should migrate: false - up
[2024-10-23 09:26:46.517] [info]  Migrator MoveBiometricClientKeyHalfToStateProviders (to version 14) should migrate: false - up
[2024-10-23 09:26:46.517] [info]  Migrator FolderMigrator (to version 15) should migrate: false - up
[2024-10-23 09:26:46.517] [info]  Migrator LastSyncMigrator (to version 16) should migrate: false - up
[2024-10-23 09:26:46.517] [info]  Migrator EnablePasskeysMigrator (to version 17) should migrate: false - up
[2024-10-23 09:26:46.517] [info]  Migrator AutofillSettingsKeyMigrator (to version 18) should migrate: false - up
[2024-10-23 09:26:46.517] [info]  Migrator RequirePasswordOnStartMigrator (to version 19) should migrate: false - up
[2024-10-23 09:26:46.517] [info]  Migrator PrivateKeyMigrator (to version 20) should migrate: false - up
[2024-10-23 09:26:46.518] [info]  Migrator CollectionMigrator (to version 21) should migrate: false - up
[2024-10-23 09:26:46.518] [info]  Migrator CollapsedGroupingsMigrator (to version 22) should migrate: false - up
[2024-10-23 09:26:46.518] [info]  Migrator MoveBiometricPromptsToStateProviders (to version 23) should migrate: false - up
[2024-10-23 09:26:46.518] [info]  Migrator SmOnboardingTasksMigrator (to version 24) should migrate: false - up
[2024-10-23 09:26:46.518] [info]  Migrator ClearClipboardDelayMigrator (to version 25) should migrate: false - up
[2024-10-23 09:26:46.518] [info]  Migrator RevertLastSyncMigrator (to version 26) should migrate: false - up
[2024-10-23 09:26:46.518] [info]  Migrator BadgeSettingsMigrator (to version 27) should migrate: false - up
[2024-10-23 09:26:46.519] [info]  Migrator MoveBiometricUnlockToStateProviders (to version 28) should migrate: false - up
[2024-10-23 09:26:46.519] [info]  Migrator UserNotificationSettingsKeyMigrator (to version 29) should migrate: false - up
[2024-10-23 09:26:46.519] [info]  Migrator PolicyMigrator (to version 30) should migrate: false - up
[2024-10-23 09:26:46.519] [info]  Migrator EnableContextMenuMigrator (to version 31) should migrate: false - up
[2024-10-23 09:26:46.519] [info]  Migrator PreferredLanguageMigrator (to version 32) should migrate: false - up
[2024-10-23 09:26:46.519] [info]  Migrator AppIdMigrator (to version 33) should migrate: false - up
[2024-10-23 09:26:46.519] [info]  Migrator DomainSettingsMigrator (to version 34) should migrate: false - up
[2024-10-23 09:26:46.519] [info]  Migrator MoveThemeToStateProviderMigrator (to version 35) should migrate: false - up
[2024-10-23 09:26:46.520] [info]  Migrator VaultSettingsKeyMigrator (to version 36) should migrate: false - up
[2024-10-23 09:26:46.520] [info]  Migrator AvatarColorMigrator (to version 37) should migrate: false - up
[2024-10-23 09:26:46.520] [info]  Migrator TokenServiceStateProviderMigrator (to version 38) should migrate: false - up
[2024-10-23 09:26:46.520] [info]  Migrator MoveBillingAccountProfileMigrator (to version 39) should migrate: false - up
[2024-10-23 09:26:46.520] [info]  Migrator OrganizationMigrator (to version 40) should migrate: false - up
[2024-10-23 09:26:46.520] [info]  Migrator EventCollectionMigrator (to version 41) should migrate: false - up
[2024-10-23 09:26:46.520] [info]  Migrator EnableFaviconMigrator (to version 42) should migrate: false - up
[2024-10-23 09:26:46.520] [info]  Migrator AutoConfirmFingerPrintsMigrator (to version 43) should migrate: false - up
[2024-10-23 09:26:46.520] [info]  Migrator UserDecryptionOptionsMigrator (to version 44) should migrate: false - up
[2024-10-23 09:26:46.521] [info]  Migrator MergeEnvironmentState (to version 45) should migrate: false - up
[2024-10-23 09:26:46.521] [info]  Migrator DeleteBiometricPromptCancelledData (to version 46) should migrate: false - up
[2024-10-23 09:26:46.521] [info]  Migrator MoveDesktopSettingsMigrator (to version 47) should migrate: false - up
[2024-10-23 09:26:46.521] [info]  Migrator MoveDdgToStateProviderMigrator (to version 48) should migrate: false - up
[2024-10-23 09:26:46.521] [info]  Migrator AccountServerConfigMigrator (to version 49) should migrate: false - up
[2024-10-23 09:26:46.521] [info]  Migrator KeyConnectorMigrator (to version 50) should migrate: false - up
[2024-10-23 09:26:46.521] [info]  Migrator RememberedEmailMigrator (to version 51) should migrate: false - up
[2024-10-23 09:26:46.521] [info]  Migrator DeleteInstalledVersion (to version 52) should migrate: false - up
[2024-10-23 09:26:46.521] [info]  Migrator DeviceTrustServiceStateProviderMigrator (to version 53) should migrate: false - up
[2024-10-23 09:26:46.522] [info]  Migrator SendMigrator (to version 54) should migrate: false - up
[2024-10-23 09:26:46.522] [info]  Migrator MoveMasterKeyStateToProviderMigrator (to version 55) should migrate: false - up
[2024-10-23 09:26:46.522] [info]  Migrator AuthRequestMigrator (to version 56) should migrate: false - up
[2024-10-23 09:26:46.522] [info]  Migrator CipherServiceMigrator (to version 57) should migrate: false - up
[2024-10-23 09:26:46.522] [info]  Migrator RemoveRefreshTokenMigratedFlagMigrator (to version 58) should migrate: false - up
[2024-10-23 09:26:46.522] [info]  Migrator KdfConfigMigrator (to version 59) should migrate: false - up
[2024-10-23 09:26:46.522] [info]  Migrator KnownAccountsMigrator (to version 60) should migrate: false - up
[2024-10-23 09:26:46.522] [info]  Migrator PinStateMigrator (to version 61) should migrate: false - up
[2024-10-23 09:26:46.522] [info]  Migrator VaultTimeoutSettingsServiceStateProviderMigrator (to version 62) should migrate: false - up
[2024-10-23 09:26:46.522] [info]  Migrator PasswordOptionsMigrator (to version 63) should migrate: false - up
[2024-10-23 09:26:46.523] [info]  Migrator GeneratorHistoryMigrator (to version 64) should migrate: false - up
[2024-10-23 09:26:46.523] [info]  Migrator ForwarderOptionsMigrator (to version 65) should migrate: false - up
[2024-10-23 09:26:46.523] [info]  Migrator MoveFinalDesktopSettingsMigrator (to version 66) should migrate: false - up
[2024-10-23 09:26:46.523] [info]  Migrator RemoveUnassignedItemsBannerDismissed (to version 67) should migrate: false - up
[2024-10-23 09:26:46.523] [info]  Migrator MoveLastSyncDate (to version 68) should migrate: false - up
[2024-10-23 09:26:46.623] [info]  Coredumps are disabled in renderer process
[2024-10-23 09:26:47.692] [info]  State version: 68
[2024-10-23 09:26:47.703] [info]  Error: The name is not activatable
[2024-10-23 09:26:47.840] [info]  Error: The name is not activatable
[2024-10-23 09:26:48.347] [info]  Error: The name is not activatable
[2024-10-23 09:26:48.353] [info]  Error: The name is not activatable
[2024-10-23 09:26:48.357] [info]  Error: The name is not activatable
[2024-10-23 09:26:48.358] [error] SetAccessToken: storing encrypted access token in secure storage failed. Falling back to disk storage. Error: New Access token key unable to be retrieved from secure storage.
[2024-10-23 09:26:48.368] [info]  Error: The name is not activatable
[2024-10-23 09:26:48.371] [info]  Error: The name is not activatable
[2024-10-23 09:26:48.372] [error] SetRefreshToken: storing refresh token in secure storage failed. Falling back to disk storage. Error: Refresh token failed to save to secure storage.
[2024-10-23 09:26:48.381] [info]  Error: The name is not activatable
[2024-10-23 09:26:48.385] [info]  Error: The name is not activatable
[2024-10-23 09:26:48.915] [info]  Error: The name is not activatable
[2024-10-23 09:26:52.235] [info]  Error: The name is not activatable
[2024-10-23 09:26:52.236] [info]  Error: The name is not activatable
[2024-10-23 09:26:52.244] [info]  Error: The name is not activatable
[2024-10-23 09:26:52.257] [info]  Error: The name is not activatable
[2024-10-23 09:26:52.259] [info]  Error: The name is not activatable
[2024-10-23 09:26:52.261] [info]  Error: The name is not activatable
[2024-10-23 09:26:52.263] [info]  Error: The name is not activatable
[2024-10-23 09:26:52.392] [info]  Error: The name is not activatable
[2024-10-23 09:26:52.403] [info]  Error: The name is not activatable
[2024-10-23 09:26:52.424] [info]  Starting decryption using multithreading
[2024-10-23 09:26:52.650] [info]  Finished search indexing
[2024-10-23 09:27:02.395] [error] TypeError: Object has been destroyed
    at WindowMain.<anonymous> (/usr/lib/bitwarden/app.asar/main.js:88840:36)
    at Generator.next (<anonymous>)
    at /usr/lib/bitwarden/app.asar/main.js:88569:71
    at new Promise (<anonymous>)
    at window_main_awaiter (/usr/lib/bitwarden/app.asar/main.js:88565:12)
    at WindowMain.updateWindowState (/usr/lib/bitwarden/app.asar/main.js:88835:16)
    at WindowMain.<anonymous> (/usr/lib/bitwarden/app.asar/main.js:88770:28)
    at Generator.next (<anonymous>)
    at /usr/lib/bitwarden/app.asar/main.js:88569:71
    at new Promise (<anonymous>)
