00:00:00.274389 VirtualBox GUI VM Selector Window 7.1.4 r165100 linux.amd64 (Oct 15 2024 16:00:51) release log
00:00:00.274390 Log opened 2024-10-31T13:20:25.849973000Z
00:00:00.274391 Build Type: release
00:00:00.274393 OS Product: Linux
00:00:00.274394 OS Release: 6.11.5-zen1-1-zen
00:00:00.274395 OS Version: #1 ZEN SMP PREEMPT_DYNAMIC Tue, 22 Oct 2024 18:31:33 +0000
00:00:00.274415 DMI Product Name: 20L7CTO1WW
00:00:00.274423 DMI Product Version: ThinkPad T480s
00:00:00.274427 Firmware type: UEFI
00:00:00.275156 Secure Boot: Disabled
00:00:00.275194 Host RAM: 15750MB (15.3GB) total, 12904MB (12.6GB) available
00:00:00.275196 Executable: /usr/lib/virtualbox/VirtualBox
00:00:00.275197 Process ID: 12539
00:00:00.275197 Package type: LINUX_64BITS_GENERIC (OSE)
00:00:00.275222 Qt version: 6.8.0
00:00:00.276311 GUI: UIMediumEnumerator: Initial medium-enumeration finished!
00:00:00.283716 GUI: UIMediumEnumerator: Medium-enumeration started...
00:00:00.910358 GUI: UIMediumEnumerator: Medium-enumeration finished!
00:00:00.940692 GUI: UIDesktopWidgetWatchdog::sltHandleHostScreenAvailableGeometryCalculated: Screen 0 work area is actually resized to: 560x140 x 800x800
00:00:31.741934 GUI: UIMediumEnumerator: Medium-enumeration finished!
00:00:32.708796 GUI: UIMediumEnumerator: Medium-enumeration finished!
00:00:38.698157 GUI: UIMediumEnumerator: Medium-enumeration finished!
00:02:23.532398 GUI: UIMediumEnumerator: Medium-enumeration finished!
00:12:20.907982 GUI: UICommon: Handling aboutToQuit request..
00:12:21.669732 GUI: UICommon: aboutToQuit request handled!
